<?xml version="1.0" encoding="UTF-8"?>
<testsuite xmlns:xsi="http://www.w3.org/2001/XMLSchema-instance" xsi:noNamespaceSchemaLocation="https://maven.apache.org/surefire/maven-surefire-plugin/xsd/surefire-test-report.xsd" name="com.shy.AppTest" time="0.053" tests="1" errors="0" skipped="0" failures="0">
  <properties>
    <property name="java.specification.version" value="15"/>
    <property name="sun.cpu.isalist" value="amd64"/>
    <property name="sun.jnu.encoding" value="GBK"/>
    <property name="java.class.path" value="E:\Distributed\Interface\target\test-classes;E:\Distributed\Interface\target\classes;E:\maven_ck\junit\junit\4.11\junit-4.11.jar;E:\maven_ck\org\hamcrest\hamcrest-core\1.3\hamcrest-core-1.3.jar;E:\maven_ck\org\projectlombok\lombok\1.18.12\lombok-1.18.12.jar;E:\maven_ck\com\baomidou\mybatis-plus-boot-starter\3.5.0\mybatis-plus-boot-starter-3.5.0.jar;E:\maven_ck\com\baomidou\mybatis-plus\3.5.0\mybatis-plus-3.5.0.jar;E:\maven_ck\com\baomidou\mybatis-plus-extension\3.5.0\mybatis-plus-extension-3.5.0.jar;E:\maven_ck\com\baomidou\mybatis-plus-core\3.5.0\mybatis-plus-core-3.5.0.jar;E:\maven_ck\com\baomidou\mybatis-plus-annotation\3.5.0\mybatis-plus-annotation-3.5.0.jar;E:\maven_ck\com\github\jsqlparser\jsqlparser\4.3\jsqlparser-4.3.jar;E:\maven_ck\org\mybatis\mybatis\3.5.9\mybatis-3.5.9.jar;E:\maven_ck\org\mybatis\mybatis-spring\2.0.6\mybatis-spring-2.0.6.jar;E:\maven_ck\org\springframework\boot\spring-boot-autoconfigure\2.5.3\spring-boot-autoconfigure-2.5.3.jar;E:\maven_ck\org\springframework\boot\spring-boot\2.5.3\spring-boot-2.5.3.jar;E:\maven_ck\org\springframework\spring-core\5.3.9\spring-core-5.3.9.jar;E:\maven_ck\org\springframework\spring-jcl\5.3.9\spring-jcl-5.3.9.jar;E:\maven_ck\org\springframework\boot\spring-boot-starter-jdbc\2.5.3\spring-boot-starter-jdbc-2.5.3.jar;E:\maven_ck\org\springframework\boot\spring-boot-starter\2.5.3\spring-boot-starter-2.5.3.jar;E:\maven_ck\org\springframework\boot\spring-boot-starter-logging\2.5.3\spring-boot-starter-logging-2.5.3.jar;E:\maven_ck\ch\qos\logback\logback-classic\1.2.4\logback-classic-1.2.4.jar;E:\maven_ck\ch\qos\logback\logback-core\1.2.4\logback-core-1.2.4.jar;E:\maven_ck\org\apache\logging\log4j\log4j-to-slf4j\2.14.1\log4j-to-slf4j-2.14.1.jar;E:\maven_ck\org\apache\logging\log4j\log4j-api\2.14.1\log4j-api-2.14.1.jar;E:\maven_ck\org\slf4j\jul-to-slf4j\1.7.32\jul-to-slf4j-1.7.32.jar;E:\maven_ck\jakarta\annotation\jakarta.annotation-api\1.3.5\jakarta.annotation-api-1.3.5.jar;E:\maven_ck\org\yaml\snakeyaml\1.28\snakeyaml-1.28.jar;E:\maven_ck\com\zaxxer\HikariCP\4.0.3\HikariCP-4.0.3.jar;E:\maven_ck\org\springframework\spring-jdbc\5.3.9\spring-jdbc-5.3.9.jar;E:\maven_ck\org\springframework\spring-tx\5.3.9\spring-tx-5.3.9.jar;E:\maven_ck\io\springfox\springfox-swagger2\2.9.2\springfox-swagger2-2.9.2.jar;E:\maven_ck\io\swagger\swagger-annotations\1.5.20\swagger-annotations-1.5.20.jar;E:\maven_ck\io\swagger\swagger-models\1.5.20\swagger-models-1.5.20.jar;E:\maven_ck\com\fasterxml\jackson\core\jackson-annotations\2.9.5\jackson-annotations-2.9.5.jar;E:\maven_ck\io\springfox\springfox-spi\2.9.2\springfox-spi-2.9.2.jar;E:\maven_ck\io\springfox\springfox-core\2.9.2\springfox-core-2.9.2.jar;E:\maven_ck\net\bytebuddy\byte-buddy\1.8.12\byte-buddy-1.8.12.jar;E:\maven_ck\io\springfox\springfox-schema\2.9.2\springfox-schema-2.9.2.jar;E:\maven_ck\io\springfox\springfox-swagger-common\2.9.2\springfox-swagger-common-2.9.2.jar;E:\maven_ck\io\springfox\springfox-spring-web\2.9.2\springfox-spring-web-2.9.2.jar;E:\maven_ck\com\google\guava\guava\20.0\guava-20.0.jar;E:\maven_ck\com\fasterxml\classmate\1.4.0\classmate-1.4.0.jar;E:\maven_ck\org\slf4j\slf4j-api\1.7.25\slf4j-api-1.7.25.jar;E:\maven_ck\org\springframework\plugin\spring-plugin-core\1.2.0.RELEASE\spring-plugin-core-1.2.0.RELEASE.jar;E:\maven_ck\org\springframework\spring-beans\4.0.9.RELEASE\spring-beans-4.0.9.RELEASE.jar;E:\maven_ck\org\springframework\spring-context\4.0.9.RELEASE\spring-context-4.0.9.RELEASE.jar;E:\maven_ck\org\springframework\spring-expression\4.0.9.RELEASE\spring-expression-4.0.9.RELEASE.jar;E:\maven_ck\org\springframework\spring-aop\4.0.9.RELEASE\spring-aop-4.0.9.RELEASE.jar;E:\maven_ck\aopalliance\aopalliance\1.0\aopalliance-1.0.jar;E:\maven_ck\org\springframework\plugin\spring-plugin-metadata\1.2.0.RELEASE\spring-plugin-metadata-1.2.0.RELEASE.jar;E:\maven_ck\org\mapstruct\mapstruct\1.2.0.Final\mapstruct-1.2.0.Final.jar;E:\maven_ck\io\springfox\springfox-swagger-ui\2.9.2\springfox-swagger-ui-2.9.2.jar;"/>
    <property name="java.vm.vendor" value="Oracle Corporation"/>
    <property name="sun.arch.data.model" value="64"/>
    <property name="user.variant" value=""/>
    <property name="java.vendor.url" value="https://java.oracle.com/"/>
    <property name="user.timezone" value="Asia/Shanghai"/>
    <property name="os.name" value="Windows 10"/>
    <property name="java.vm.specification.version" value="15"/>
    <property name="sun.java.launcher" value="SUN_STANDARD"/>
    <property name="user.country" value="CN"/>
    <property name="sun.boot.library.path" value="C:\Program Files\Java\jdk-15\bin"/>
    <property name="sun.java.command" value="C:\Users\22102\AppData\Local\Temp\surefire14235304229895086761\surefirebooter8366719934768665170.jar C:\Users\22102\AppData\Local\Temp\surefire14235304229895086761 2022-03-15T16-25-45_627-jvmRun1 surefire10570202419699486142tmp surefire_09357578507817610782tmp"/>
    <property name="jdk.debug" value="release"/>
    <property name="surefire.test.class.path" value="E:\Distributed\Interface\target\test-classes;E:\Distributed\Interface\target\classes;E:\maven_ck\junit\junit\4.11\junit-4.11.jar;E:\maven_ck\org\hamcrest\hamcrest-core\1.3\hamcrest-core-1.3.jar;E:\maven_ck\org\projectlombok\lombok\1.18.12\lombok-1.18.12.jar;E:\maven_ck\com\baomidou\mybatis-plus-boot-starter\3.5.0\mybatis-plus-boot-starter-3.5.0.jar;E:\maven_ck\com\baomidou\mybatis-plus\3.5.0\mybatis-plus-3.5.0.jar;E:\maven_ck\com\baomidou\mybatis-plus-extension\3.5.0\mybatis-plus-extension-3.5.0.jar;E:\maven_ck\com\baomidou\mybatis-plus-core\3.5.0\mybatis-plus-core-3.5.0.jar;E:\maven_ck\com\baomidou\mybatis-plus-annotation\3.5.0\mybatis-plus-annotation-3.5.0.jar;E:\maven_ck\com\github\jsqlparser\jsqlparser\4.3\jsqlparser-4.3.jar;E:\maven_ck\org\mybatis\mybatis\3.5.9\mybatis-3.5.9.jar;E:\maven_ck\org\mybatis\mybatis-spring\2.0.6\mybatis-spring-2.0.6.jar;E:\maven_ck\org\springframework\boot\spring-boot-autoconfigure\2.5.3\spring-boot-autoconfigure-2.5.3.jar;E:\maven_ck\org\springframework\boot\spring-boot\2.5.3\spring-boot-2.5.3.jar;E:\maven_ck\org\springframework\spring-core\5.3.9\spring-core-5.3.9.jar;E:\maven_ck\org\springframework\spring-jcl\5.3.9\spring-jcl-5.3.9.jar;E:\maven_ck\org\springframework\boot\spring-boot-starter-jdbc\2.5.3\spring-boot-starter-jdbc-2.5.3.jar;E:\maven_ck\org\springframework\boot\spring-boot-starter\2.5.3\spring-boot-starter-2.5.3.jar;E:\maven_ck\org\springframework\boot\spring-boot-starter-logging\2.5.3\spring-boot-starter-logging-2.5.3.jar;E:\maven_ck\ch\qos\logback\logback-classic\1.2.4\logback-classic-1.2.4.jar;E:\maven_ck\ch\qos\logback\logback-core\1.2.4\logback-core-1.2.4.jar;E:\maven_ck\org\apache\logging\log4j\log4j-to-slf4j\2.14.1\log4j-to-slf4j-2.14.1.jar;E:\maven_ck\org\apache\logging\log4j\log4j-api\2.14.1\log4j-api-2.14.1.jar;E:\maven_ck\org\slf4j\jul-to-slf4j\1.7.32\jul-to-slf4j-1.7.32.jar;E:\maven_ck\jakarta\annotation\jakarta.annotation-api\1.3.5\jakarta.annotation-api-1.3.5.jar;E:\maven_ck\org\yaml\snakeyaml\1.28\snakeyaml-1.28.jar;E:\maven_ck\com\zaxxer\HikariCP\4.0.3\HikariCP-4.0.3.jar;E:\maven_ck\org\springframework\spring-jdbc\5.3.9\spring-jdbc-5.3.9.jar;E:\maven_ck\org\springframework\spring-tx\5.3.9\spring-tx-5.3.9.jar;E:\maven_ck\io\springfox\springfox-swagger2\2.9.2\springfox-swagger2-2.9.2.jar;E:\maven_ck\io\swagger\swagger-annotations\1.5.20\swagger-annotations-1.5.20.jar;E:\maven_ck\io\swagger\swagger-models\1.5.20\swagger-models-1.5.20.jar;E:\maven_ck\com\fasterxml\jackson\core\jackson-annotations\2.9.5\jackson-annotations-2.9.5.jar;E:\maven_ck\io\springfox\springfox-spi\2.9.2\springfox-spi-2.9.2.jar;E:\maven_ck\io\springfox\springfox-core\2.9.2\springfox-core-2.9.2.jar;E:\maven_ck\net\bytebuddy\byte-buddy\1.8.12\byte-buddy-1.8.12.jar;E:\maven_ck\io\springfox\springfox-schema\2.9.2\springfox-schema-2.9.2.jar;E:\maven_ck\io\springfox\springfox-swagger-common\2.9.2\springfox-swagger-common-2.9.2.jar;E:\maven_ck\io\springfox\springfox-spring-web\2.9.2\springfox-spring-web-2.9.2.jar;E:\maven_ck\com\google\guava\guava\20.0\guava-20.0.jar;E:\maven_ck\com\fasterxml\classmate\1.4.0\classmate-1.4.0.jar;E:\maven_ck\org\slf4j\slf4j-api\1.7.25\slf4j-api-1.7.25.jar;E:\maven_ck\org\springframework\plugin\spring-plugin-core\1.2.0.RELEASE\spring-plugin-core-1.2.0.RELEASE.jar;E:\maven_ck\org\springframework\spring-beans\4.0.9.RELEASE\spring-beans-4.0.9.RELEASE.jar;E:\maven_ck\org\springframework\spring-context\4.0.9.RELEASE\spring-context-4.0.9.RELEASE.jar;E:\maven_ck\org\springframework\spring-expression\4.0.9.RELEASE\spring-expression-4.0.9.RELEASE.jar;E:\maven_ck\org\springframework\spring-aop\4.0.9.RELEASE\spring-aop-4.0.9.RELEASE.jar;E:\maven_ck\aopalliance\aopalliance\1.0\aopalliance-1.0.jar;E:\maven_ck\org\springframework\plugin\spring-plugin-metadata\1.2.0.RELEASE\spring-plugin-metadata-1.2.0.RELEASE.jar;E:\maven_ck\org\mapstruct\mapstruct\1.2.0.Final\mapstruct-1.2.0.Final.jar;E:\maven_ck\io\springfox\springfox-swagger-ui\2.9.2\springfox-swagger-ui-2.9.2.jar;"/>
    <property name="sun.cpu.endian" value="little"/>
    <property name="user.home" value="C:\Users\22102"/>
    <property name="user.language" value="zh"/>
    <property name="java.specification.vendor" value="Oracle Corporation"/>
    <property name="java.version.date" value="2020-09-15"/>
    <property name="java.home" value="C:\Program Files\Java\jdk-15"/>
    <property name="file.separator" value="\"/>
    <property name="basedir" value="E:\Distributed\Interface"/>
    <property name="java.vm.compressedOopsMode" value="32-bit"/>
    <property name="line.separator" value="&#10;"/>
    <property name="java.vm.specification.vendor" value="Oracle Corporation"/>
    <property name="java.specification.name" value="Java Platform API Specification"/>
    <property name="surefire.real.class.path" value="C:\Users\22102\AppData\Local\Temp\surefire14235304229895086761\surefirebooter8366719934768665170.jar"/>
    <property name="user.script" value=""/>
    <property name="sun.management.compiler" value="HotSpot 64-Bit Tiered Compilers"/>
    <property name="java.runtime.version" value="15+36-1562"/>
    <property name="user.name" value="22102"/>
    <property name="path.separator" value=";"/>
    <property name="os.version" value="10.0"/>
    <property name="java.runtime.name" value="Java(TM) SE Runtime Environment"/>
    <property name="file.encoding" value="GBK"/>
    <property name="java.vm.name" value="Java HotSpot(TM) 64-Bit Server VM"/>
    <property name="localRepository" value="E:\maven_ck"/>
    <property name="java.vendor.url.bug" value="https://bugreport.java.com/bugreport/"/>
    <property name="java.io.tmpdir" value="C:\Users\22102\AppData\Local\Temp\"/>
    <property name="idea.version" value="2021.1.1"/>
    <property name="java.version" value="15"/>
    <property name="user.dir" value="E:\Distributed\Interface"/>
    <property name="os.arch" value="amd64"/>
    <property name="java.vm.specification.name" value="Java Virtual Machine Specification"/>
    <property name="sun.os.patch.level" value=""/>
    <property name="java.library.path" value="C:\Program Files\Java\jdk-15\bin;C:\WINDOWS\Sun\Java\bin;C:\WINDOWS\system32;C:\WINDOWS;C:\Program Files (x86)\Common Files\Oracle\Java\javapath;C:\Program Files (x86)\Common Files\Intel\Shared Libraries\redist\intel64\compiler;C:\Windows\system32;C:\Windows;C:\Windows\System32\Wbem;C:\Windows\System32\WindowsPowerShell\v1.0\;C:\Windows\System32\OpenSSH\;C:\Program Files (x86)\NVIDIA Corporation\PhysX\Common;C:\Program Files\NVIDIA Corporation\NVIDIA NvDLISR;C:\WINDOWS\system32;C:\WINDOWS;C:\WINDOWS\System32\Wbem;C:\WINDOWS\System32\WindowsPowerShell\v1.0\;C:\WINDOWS\System32\OpenSSH\;C:\Program Files\MySQL\MySQL Server 8.0\bin;C:\Program Files\Java\jdk-14.0.2\bin;E:\HashiCorp\Vagrant\bin;E:\apache-maven-3.6.3\bin;E:\SVN\bin;E:\Program Files\TortoiseSVN\bin;E:\Git\cmd;E:\gcc\MinGW\bin;E:\Program Files\PuTTY\;E:\Program Files (x86)\NetSarang\Xftp 7\;E:\Xshell\;E:\Go\bin;C:\Program Files\Microsoft SQL Server\130\Tools\Binn\;E:\Program Files\nodejs\;E:\redis\Redis-x64-3.2.100;E:\TortoiseGit\bin;C:\Program Files\Java\jdk-15;C:\Program Files\Microsoft SQL Server\Client SDK\ODBC\170\Tools\Binn\;E:\anaconda\emotion\venv\Scripts;C:\Program Files\dotnet\;C:\Program Files (x86)\Microsoft SQL Server\150\Tools\Binn\;C:\Program Files\Microsoft SQL Server\150\Tools\Binn\;C:\Program Files\Microsoft SQL Server\150\DTS\Binn\;C:\Program Files (x86)\Microsoft SQL Server\150\DTS\Binn\;C:\Program Files\Azure Data Studio\bin;E:\Smartide\;C:\PATH;E:\Microsoft VS Code\bin;C:\Users\22102\go\bin;C:\Users\22102\AppData\Roaming\npm;C:\Users\22102\AppData\Local\Microsoft\WindowsApps;C:\Users\22102\.dotnet\tools;C:\Program Files\Azure Data Studio\bin;."/>
    <property name="java.vm.info" value="mixed mode, sharing"/>
    <property name="java.vendor" value="Oracle Corporation"/>
    <property name="java.vm.version" value="15+36-1562"/>
    <property name="sun.io.unicode.encoding" value="UnicodeLittle"/>
    <property name="java.class.version" value="59.0"/>
  </properties>
  <testcase name="shouldAnswerWithTrue" classname="com.shy.AppTest" time="0.001"/>
</testsuite>